<?xml version="1.0" encoding="UTF-8"?>
<testsuite name="alglin.PruebaMatriz" tests="8" skipped="0" failures="0" errors="0" timestamp="2019-10-21T01:12:13" hostname="localhost.localdomain" time="0.105">
  <properties/>
  <testcase name="probarToString()" classname="alglin.PruebaMatriz" time="0.046"/>
  <testcase name="probarEliminarColumna()" classname="alglin.PruebaMatriz" time="0.021"/>
  <testcase name="probarSuma()" classname="alglin.PruebaMatriz" time="0.008"/>
  <testcase name="probarConstructor()" classname="alglin.PruebaMatriz" time="0.007"/>
  <testcase name="probarObtenerYAsignar()" classname="alglin.PruebaMatriz" time="0.008"/>
  <testcase name="probarEliminarFila()" classname="alglin.PruebaMatriz" time="0.003"/>
  <testcase name="probarEscalar()" classname="alglin.PruebaMatriz" time="0.003"/>
  <testcase name="probarDeterminante()" classname="alglin.PruebaMatriz" time="0.002"/>
  <system-out><![CDATA[]]></system-out>
  <system-err><![CDATA[]]></system-err>
</testsuite>
